[2026-04-27T12:12:53.813Z] message-hooks: ENTRY msgCount=28, sessions=ses_2320795a9ffemR0qnegq5HUdoU
[2026-04-27T12:12:53.813Z] message-hooks: MESSAGES: [0]assistant: step-start, reasoning, tool:completed, step-finish, patch | [1]user: compaction | [2]assistant: step-start, reasoning, text:"

## Goal
Rebrand InstantCMS to MaxiCMS ...", step-finish, patch | [3]user: text:"Continue if you have next steps, or stop..."(syn) | [4]assistant: step-start, reasoning, text:"I'll continue analyzing the database lay...", tool:completed, tool:completed, step-finish, patch | [5]assistant: step-start, reasoning, tool:completed, tool:completed, step-finish, patch | [6]assistant: step-start, reasoning, tool:completed, tool:completed, step-finish, patch | [7]assistant: step-start, reasoning, tool:completed, step-finish, patch | [8]assistant: step-start, reasoning, tool:completed, step-finish, patch | [9]assistant: step-start, reasoning, text:"## PostgreSQL Support Analysis - Summary...", step-finish, patch | [10]user: text:"по русски дай отчет " | [11]assistant: step-start, reasoning, text:"## Анализ поддержки PostgreSQL

### Ключ...", step-finish, patch | [12]user: text:"да обнови" | [13]assistant: step-start, reasoning, tool:completed, step-finish, patch | [14]assistant: step-start, reasoning, tool:completed, step-finish, patch | [15]assistant: step-start, reasoning, tool:completed, step-finish, patch | [16]assistant: step-start, reasoning, text:"Готово. PROJECT_ANALYSIS.md обновлён:
- ...", step-finish, patch | [17]user: text:"переведи файл на русский язык если он не..." | [18]assistant: step-start, reasoning, tool:completed, step-finish, patch | [19]assistant: step-start, reasoning, text:"Готово. Весь файл PROJECT_ANALYSIS.md пе...", step-finish, patch | [20]user: text:"подскажи что можно сделать на первом эта..." | [21]assistant: step-start, reasoning, text:"## Первые шаги для форка MaxiCMS

### 1....", step-finish, patch | [22]user: text:"давай сделаем пункт 1 с части заменим вс..." | [23]assistant: step-start, reasoning, tool:completed, tool:completed, tool:completed, step-finish, patch | [24]assistant: step-start, reasoning, text:"Update директория уже удалена. Нашёл 4 с...", tool:completed, tool:completed, step-finish, patch | [25]assistant: step-start, reasoning, text:"Готово:
- Директория `/update` уже удале...", step-finish, patch | [26]user: text:"да замени все " | [27]assistant: step-start, reasoning, tool:completed, tool:completed, tool:completed, tool:completed, tool:completed, step-finish, patch
[2026-04-27T12:12:53.813Z] message-hooks: post-filter, msgCount=28
[2026-04-27T12:12:53.813Z] message-hooks: about to search for OPENCODE_GENERIC
[2026-04-27T12:12:53.813Z] message-hooks: searching 28 messages for OPENCODE_GENERIC
[2026-04-27T12:12:53.813Z] message-hooks: found synthetic text at [3]: "Continue if you have next steps, or stop and ask f..." matches=false
[2026-04-27T12:12:53.813Z] message-hooks: generic search complete, found=false, index=-1
[2026-04-27T12:12:53.813Z] message-hooks: no generic part found, checking for pending prompt return
[2026-04-27T12:13:01.370Z] message-hooks: ENTRY msgCount=29, sessions=ses_2320795a9ffemR0qnegq5HUdoU
[2026-04-27T12:13:01.370Z] message-hooks: MESSAGES: [0]assistant: step-start, reasoning, tool:completed, step-finish, patch | [1]user: compaction | [2]assistant: step-start, reasoning, text:"

## Goal
Rebrand InstantCMS to MaxiCMS ...", step-finish, patch | [3]user: text:"Continue if you have next steps, or stop..."(syn) | [4]assistant: step-start, reasoning, text:"I'll continue analyzing the database lay...", tool:completed, tool:completed, step-finish, patch | [5]assistant: step-start, reasoning, tool:completed, tool:completed, step-finish, patch | [6]assistant: step-start, reasoning, tool:completed, tool:completed, step-finish, patch | [7]assistant: step-start, reasoning, tool:completed, step-finish, patch | [8]assistant: step-start, reasoning, tool:completed, step-finish, patch | [9]assistant: step-start, reasoning, text:"## PostgreSQL Support Analysis - Summary...", step-finish, patch | [10]user: text:"по русски дай отчет " | [11]assistant: step-start, reasoning, text:"## Анализ поддержки PostgreSQL

### Ключ...", step-finish, patch | [12]user: text:"да обнови" | [13]assistant: step-start, reasoning, tool:completed, step-finish, patch | [14]assistant: step-start, reasoning, tool:completed, step-finish, patch | [15]assistant: step-start, reasoning, tool:completed, step-finish, patch | [16]assistant: step-start, reasoning, text:"Готово. PROJECT_ANALYSIS.md обновлён:
- ...", step-finish, patch | [17]user: text:"переведи файл на русский язык если он не..." | [18]assistant: step-start, reasoning, tool:completed, step-finish, patch | [19]assistant: step-start, reasoning, text:"Готово. Весь файл PROJECT_ANALYSIS.md пе...", step-finish, patch | [20]user: text:"подскажи что можно сделать на первом эта..." | [21]assistant: step-start, reasoning, text:"## Первые шаги для форка MaxiCMS

### 1....", step-finish, patch | [22]user: text:"давай сделаем пункт 1 с части заменим вс..." | [23]assistant: step-start, reasoning, tool:completed, tool:completed, tool:completed, step-finish, patch | [24]assistant: step-start, reasoning, text:"Update директория уже удалена. Нашёл 4 с...", tool:completed, tool:completed, step-finish, patch | [25]assistant: step-start, reasoning, text:"Готово:
- Директория `/update` уже удале...", step-finish, patch | [26]user: text:"да замени все " | [27]assistant: step-start, reasoning, tool:completed, tool:completed, tool:completed, tool:completed, tool:completed, step-finish, patch | [28]assistant: step-start, reasoning, text:"Теперь SQL пакеты. Заменяю "InstantCMS T...", tool:completed, step-finish, patch
[2026-04-27T12:13:01.370Z] message-hooks: post-filter, msgCount=29
[2026-04-27T12:13:01.370Z] message-hooks: about to search for OPENCODE_GENERIC
[2026-04-27T12:13:01.370Z] message-hooks: searching 29 messages for OPENCODE_GENERIC
[2026-04-27T12:13:01.370Z] message-hooks: found synthetic text at [3]: "Continue if you have next steps, or stop and ask f..." matches=false
[2026-04-27T12:13:01.370Z] message-hooks: generic search complete, found=false, index=-1
[2026-04-27T12:13:01.370Z] message-hooks: no generic part found, checking for pending prompt return
[2026-04-27T12:13:09.094Z] message-hooks: ENTRY msgCount=30, sessions=ses_2320795a9ffemR0qnegq5HUdoU
[2026-04-27T12:13:09.094Z] message-hooks: MESSAGES: [0]assistant: step-start, reasoning, tool:completed, step-finish, patch | [1]user: compaction | [2]assistant: step-start, reasoning, text:"

## Goal
Rebrand InstantCMS to MaxiCMS ...", step-finish, patch | [3]user: text:"Continue if you have next steps, or stop..."(syn) | [4]assistant: step-start, reasoning, text:"I'll continue analyzing the database lay...", tool:completed, tool:completed, step-finish, patch | [5]assistant: step-start, reasoning, tool:completed, tool:completed, step-finish, patch | [6]assistant: step-start, reasoning, tool:completed, tool:completed, step-finish, patch | [7]assistant: step-start, reasoning, tool:completed, step-finish, patch | [8]assistant: step-start, reasoning, tool:completed, step-finish, patch | [9]assistant: step-start, reasoning, text:"## PostgreSQL Support Analysis - Summary...", step-finish, patch | [10]user: text:"по русски дай отчет " | [11]assistant: step-start, reasoning, text:"## Анализ поддержки PostgreSQL

### Ключ...", step-finish, patch | [12]user: text:"да обнови" | [13]assistant: step-start, reasoning, tool:completed, step-finish, patch | [14]assistant: step-start, reasoning, tool:completed, step-finish, patch | [15]assistant: step-start, reasoning, tool:completed, step-finish, patch | [16]assistant: step-start, reasoning, text:"Готово. PROJECT_ANALYSIS.md обновлён:
- ...", step-finish, patch | [17]user: text:"переведи файл на русский язык если он не..." | [18]assistant: step-start, reasoning, tool:completed, step-finish, patch | [19]assistant: step-start, reasoning, text:"Готово. Весь файл PROJECT_ANALYSIS.md пе...", step-finish, patch | [20]user: text:"подскажи что можно сделать на первом эта..." | [21]assistant: step-start, reasoning, text:"## Первые шаги для форка MaxiCMS

### 1....", step-finish, patch | [22]user: text:"давай сделаем пункт 1 с части заменим вс..." | [23]assistant: step-start, reasoning, tool:completed, tool:completed, tool:completed, step-finish, patch | [24]assistant: step-start, reasoning, text:"Update директория уже удалена. Нашёл 4 с...", tool:completed, tool:completed, step-finish, patch | [25]assistant: step-start, reasoning, text:"Готово:
- Директория `/update` уже удале...", step-finish, patch | [26]user: text:"да замени все " | [27]assistant: step-start, reasoning, tool:completed, tool:completed, tool:completed, tool:completed, tool:completed, step-finish, patch | [28]assistant: step-start, reasoning, text:"Теперь SQL пакеты. Заменяю "InstantCMS T...", tool:completed, step-finish, patch | [29]assistant: step-start, reasoning, tool:completed, step-finish, patch
[2026-04-27T12:13:09.094Z] message-hooks: post-filter, msgCount=30
[2026-04-27T12:13:09.094Z] message-hooks: about to search for OPENCODE_GENERIC
[2026-04-27T12:13:09.094Z] message-hooks: searching 30 messages for OPENCODE_GENERIC
[2026-04-27T12:13:09.094Z] message-hooks: found synthetic text at [3]: "Continue if you have next steps, or stop and ask f..." matches=false
[2026-04-27T12:13:09.094Z] message-hooks: generic search complete, found=false, index=-1
[2026-04-27T12:13:09.094Z] message-hooks: no generic part found, checking for pending prompt return
[2026-04-27T12:13:16.469Z] message-hooks: ENTRY msgCount=31, sessions=ses_2320795a9ffemR0qnegq5HUdoU
[2026-04-27T12:13:16.469Z] message-hooks: MESSAGES: [0]assistant: step-start, reasoning, tool:completed, step-finish, patch | [1]user: compaction | [2]assistant: step-start, reasoning, text:"

## Goal
Rebrand InstantCMS to MaxiCMS ...", step-finish, patch | [3]user: text:"Continue if you have next steps, or stop..."(syn) | [4]assistant: step-start, reasoning, text:"I'll continue analyzing the database lay...", tool:completed, tool:completed, step-finish, patch | [5]assistant: step-start, reasoning, tool:completed, tool:completed, step-finish, patch | [6]assistant: step-start, reasoning, tool:completed, tool:completed, step-finish, patch | [7]assistant: step-start, reasoning, tool:completed, step-finish, patch | [8]assistant: step-start, reasoning, tool:completed, step-finish, patch | [9]assistant: step-start, reasoning, text:"## PostgreSQL Support Analysis - Summary...", step-finish, patch | [10]user: text:"по русски дай отчет " | [11]assistant: step-start, reasoning, text:"## Анализ поддержки PostgreSQL

### Ключ...", step-finish, patch | [12]user: text:"да обнови" | [13]assistant: step-start, reasoning, tool:completed, step-finish, patch | [14]assistant: step-start, reasoning, tool:completed, step-finish, patch | [15]assistant: step-start, reasoning, tool:completed, step-finish, patch | [16]assistant: step-start, reasoning, text:"Готово. PROJECT_ANALYSIS.md обновлён:
- ...", step-finish, patch | [17]user: text:"переведи файл на русский язык если он не..." | [18]assistant: step-start, reasoning, tool:completed, step-finish, patch | [19]assistant: step-start, reasoning, text:"Готово. Весь файл PROJECT_ANALYSIS.md пе...", step-finish, patch | [20]user: text:"подскажи что можно сделать на первом эта..." | [21]assistant: step-start, reasoning, text:"## Первые шаги для форка MaxiCMS

### 1....", step-finish, patch | [22]user: text:"давай сделаем пункт 1 с части заменим вс..." | [23]assistant: step-start, reasoning, tool:completed, tool:completed, tool:completed, step-finish, patch | [24]assistant: step-start, reasoning, text:"Update директория уже удалена. Нашёл 4 с...", tool:completed, tool:completed, step-finish, patch | [25]assistant: step-start, reasoning, text:"Готово:
- Директория `/update` уже удале...", step-finish, patch | [26]user: text:"да замени все " | [27]assistant: step-start, reasoning, tool:completed, tool:completed, tool:completed, tool:completed, tool:completed, step-finish, patch | [28]assistant: step-start, reasoning, text:"Теперь SQL пакеты. Заменяю "InstantCMS T...", tool:completed, step-finish, patch | [29]assistant: step-start, reasoning, tool:completed, step-finish, patch | [30]assistant: step-start, reasoning, tool:completed, step-finish, patch
[2026-04-27T12:13:16.469Z] message-hooks: post-filter, msgCount=31
[2026-04-27T12:13:16.469Z] message-hooks: about to search for OPENCODE_GENERIC
[2026-04-27T12:13:16.469Z] message-hooks: searching 31 messages for OPENCODE_GENERIC
[2026-04-27T12:13:16.469Z] message-hooks: found synthetic text at [3]: "Continue if you have next steps, or stop and ask f..." matches=false
[2026-04-27T12:13:16.469Z] message-hooks: generic search complete, found=false, index=-1
[2026-04-27T12:13:16.469Z] message-hooks: no generic part found, checking for pending prompt return
[2026-04-27T12:13:26.950Z] message-hooks: ENTRY msgCount=32, sessions=ses_2320795a9ffemR0qnegq5HUdoU
[2026-04-27T12:13:26.950Z] message-hooks: MESSAGES: [0]assistant: step-start, reasoning, tool:completed, step-finish, patch | [1]user: compaction | [2]assistant: step-start, reasoning, text:"

## Goal
Rebrand InstantCMS to MaxiCMS ...", step-finish, patch | [3]user: text:"Continue if you have next steps, or stop..."(syn) | [4]assistant: step-start, reasoning, text:"I'll continue analyzing the database lay...", tool:completed, tool:completed, step-finish, patch | [5]assistant: step-start, reasoning, tool:completed, tool:completed, step-finish, patch | [6]assistant: step-start, reasoning, tool:completed, tool:completed, step-finish, patch | [7]assistant: step-start, reasoning, tool:completed, step-finish, patch | [8]assistant: step-start, reasoning, tool:completed, step-finish, patch | [9]assistant: step-start, reasoning, text:"## PostgreSQL Support Analysis - Summary...", step-finish, patch | [10]user: text:"по русски дай отчет " | [11]assistant: step-start, reasoning, text:"## Анализ поддержки PostgreSQL

### Ключ...", step-finish, patch | [12]user: text:"да обнови" | [13]assistant: step-start, reasoning, tool:completed, step-finish, patch | [14]assistant: step-start, reasoning, tool:completed, step-finish, patch | [15]assistant: step-start, reasoning, tool:completed, step-finish, patch | [16]assistant: step-start, reasoning, text:"Готово. PROJECT_ANALYSIS.md обновлён:
- ...", step-finish, patch | [17]user: text:"переведи файл на русский язык если он не..." | [18]assistant: step-start, reasoning, tool:completed, step-finish, patch | [19]assistant: step-start, reasoning, text:"Готово. Весь файл PROJECT_ANALYSIS.md пе...", step-finish, patch | [20]user: text:"подскажи что можно сделать на первом эта..." | [21]assistant: step-start, reasoning, text:"## Первые шаги для форка MaxiCMS

### 1....", step-finish, patch | [22]user: text:"давай сделаем пункт 1 с части заменим вс..." | [23]assistant: step-start, reasoning, tool:completed, tool:completed, tool:completed, step-finish, patch | [24]assistant: step-start, reasoning, text:"Update директория уже удалена. Нашёл 4 с...", tool:completed, tool:completed, step-finish, patch | [25]assistant: step-start, reasoning, text:"Готово:
- Директория `/update` уже удале...", step-finish, patch | [26]user: text:"да замени все " | [27]assistant: step-start, reasoning, tool:completed, tool:completed, tool:completed, tool:completed, tool:completed, step-finish, patch | [28]assistant: step-start, reasoning, text:"Теперь SQL пакеты. Заменяю "InstantCMS T...", tool:completed, step-finish, patch | [29]assistant: step-start, reasoning, tool:completed, step-finish, patch | [30]assistant: step-start, reasoning, tool:completed, step-finish, patch | [31]assistant: step-start, reasoning, text:"
Остались мелочи. Фиксирую:
", tool:completed, step-finish, patch
[2026-04-27T12:13:26.950Z] message-hooks: post-filter, msgCount=32
[2026-04-27T12:13:26.950Z] message-hooks: about to search for OPENCODE_GENERIC
[2026-04-27T12:13:26.950Z] message-hooks: searching 32 messages for OPENCODE_GENERIC
[2026-04-27T12:13:26.950Z] message-hooks: found synthetic text at [3]: "Continue if you have next steps, or stop and ask f..." matches=false
[2026-04-27T12:13:26.950Z] message-hooks: generic search complete, found=false, index=-1
[2026-04-27T12:13:26.950Z] message-hooks: no generic part found, checking for pending prompt return
[2026-04-27T12:13:33.755Z] message-hooks: ENTRY msgCount=33, sessions=ses_2320795a9ffemR0qnegq5HUdoU
[2026-04-27T12:13:33.755Z] message-hooks: MESSAGES: [0]assistant: step-start, reasoning, tool:completed, step-finish, patch | [1]user: compaction | [2]assistant: step-start, reasoning, text:"

## Goal
Rebrand InstantCMS to MaxiCMS ...", step-finish, patch | [3]user: text:"Continue if you have next steps, or stop..."(syn) | [4]assistant: step-start, reasoning, text:"I'll continue analyzing the database lay...", tool:completed, tool:completed, step-finish, patch | [5]assistant: step-start, reasoning, tool:completed, tool:completed, step-finish, patch | [6]assistant: step-start, reasoning, tool:completed, tool:completed, step-finish, patch | [7]assistant: step-start, reasoning, tool:completed, step-finish, patch | [8]assistant: step-start, reasoning, tool:completed, step-finish, patch | [9]assistant: step-start, reasoning, text:"## PostgreSQL Support Analysis - Summary...", step-finish, patch | [10]user: text:"по русски дай отчет " | [11]assistant: step-start, reasoning, text:"## Анализ поддержки PostgreSQL

### Ключ...", step-finish, patch | [12]user: text:"да обнови" | [13]assistant: step-start, reasoning, tool:completed, step-finish, patch | [14]assistant: step-start, reasoning, tool:completed, step-finish, patch | [15]assistant: step-start, reasoning, tool:completed, step-finish, patch | [16]assistant: step-start, reasoning, text:"Готово. PROJECT_ANALYSIS.md обновлён:
- ...", step-finish, patch | [17]user: text:"переведи файл на русский язык если он не..." | [18]assistant: step-start, reasoning, tool:completed, step-finish, patch | [19]assistant: step-start, reasoning, text:"Готово. Весь файл PROJECT_ANALYSIS.md пе...", step-finish, patch | [20]user: text:"подскажи что можно сделать на первом эта..." | [21]assistant: step-start, reasoning, text:"## Первые шаги для форка MaxiCMS

### 1....", step-finish, patch | [22]user: text:"давай сделаем пункт 1 с части заменим вс..." | [23]assistant: step-start, reasoning, tool:completed, tool:completed, tool:completed, step-finish, patch | [24]assistant: step-start, reasoning, text:"Update директория уже удалена. Нашёл 4 с...", tool:completed, tool:completed, step-finish, patch | [25]assistant: step-start, reasoning, text:"Готово:
- Директория `/update` уже удале...", step-finish, patch | [26]user: text:"да замени все " | [27]assistant: step-start, reasoning, tool:completed, tool:completed, tool:completed, tool:completed, tool:completed, step-finish, patch | [28]assistant: step-start, reasoning, text:"Теперь SQL пакеты. Заменяю "InstantCMS T...", tool:completed, step-finish, patch | [29]assistant: step-start, reasoning, tool:completed, step-finish, patch | [30]assistant: step-start, reasoning, tool:completed, step-finish, patch | [31]assistant: step-start, reasoning, text:"
Остались мелочи. Фиксирую:
", tool:completed, step-finish, patch | [32]assistant: step-start, reasoning, tool:completed, step-finish, patch
[2026-04-27T12:13:33.755Z] message-hooks: post-filter, msgCount=33
[2026-04-27T12:13:33.755Z] message-hooks: about to search for OPENCODE_GENERIC
[2026-04-27T12:13:33.755Z] message-hooks: searching 33 messages for OPENCODE_GENERIC
[2026-04-27T12:13:33.755Z] message-hooks: found synthetic text at [3]: "Continue if you have next steps, or stop and ask f..." matches=false
[2026-04-27T12:13:33.755Z] message-hooks: generic search complete, found=false, index=-1
[2026-04-27T12:13:33.755Z] message-hooks: no generic part found, checking for pending prompt return
[2026-04-27T12:13:38.582Z] message-hooks: ENTRY msgCount=34, sessions=ses_2320795a9ffemR0qnegq5HUdoU
[2026-04-27T12:13:38.582Z] message-hooks: MESSAGES: [0]assistant: step-start, reasoning, tool:completed, step-finish, patch | [1]user: compaction | [2]assistant: step-start, reasoning, text:"

## Goal
Rebrand InstantCMS to MaxiCMS ...", step-finish, patch | [3]user: text:"Continue if you have next steps, or stop..."(syn) | [4]assistant: step-start, reasoning, text:"I'll continue analyzing the database lay...", tool:completed, tool:completed, step-finish, patch | [5]assistant: step-start, reasoning, tool:completed, tool:completed, step-finish, patch | [6]assistant: step-start, reasoning, tool:completed, tool:completed, step-finish, patch | [7]assistant: step-start, reasoning, tool:completed, step-finish, patch | [8]assistant: step-start, reasoning, tool:completed, step-finish, patch | [9]assistant: step-start, reasoning, text:"## PostgreSQL Support Analysis - Summary...", step-finish, patch | [10]user: text:"по русски дай отчет " | [11]assistant: step-start, reasoning, text:"## Анализ поддержки PostgreSQL

### Ключ...", step-finish, patch | [12]user: text:"да обнови" | [13]assistant: step-start, reasoning, tool:completed, step-finish, patch | [14]assistant: step-start, reasoning, tool:completed, step-finish, patch | [15]assistant: step-start, reasoning, tool:completed, step-finish, patch | [16]assistant: step-start, reasoning, text:"Готово. PROJECT_ANALYSIS.md обновлён:
- ...", step-finish, patch | [17]user: text:"переведи файл на русский язык если он не..." | [18]assistant: step-start, reasoning, tool:completed, step-finish, patch | [19]assistant: step-start, reasoning, text:"Готово. Весь файл PROJECT_ANALYSIS.md пе...", step-finish, patch | [20]user: text:"подскажи что можно сделать на первом эта..." | [21]assistant: step-start, reasoning, text:"## Первые шаги для форка MaxiCMS

### 1....", step-finish, patch | [22]user: text:"давай сделаем пункт 1 с части заменим вс..." | [23]assistant: step-start, reasoning, tool:completed, tool:completed, tool:completed, step-finish, patch | [24]assistant: step-start, reasoning, text:"Update директория уже удалена. Нашёл 4 с...", tool:completed, tool:completed, step-finish, patch | [25]assistant: step-start, reasoning, text:"Готово:
- Директория `/update` уже удале...", step-finish, patch | [26]user: text:"да замени все " | [27]assistant: step-start, reasoning, tool:completed, tool:completed, tool:completed, tool:completed, tool:completed, step-finish, patch | [28]assistant: step-start, reasoning, text:"Теперь SQL пакеты. Заменяю "InstantCMS T...", tool:completed, step-finish, patch | [29]assistant: step-start, reasoning, tool:completed, step-finish, patch | [30]assistant: step-start, reasoning, tool:completed, step-finish, patch | [31]assistant: step-start, reasoning, text:"
Остались мелочи. Фиксирую:
", tool:completed, step-finish, patch | [32]assistant: step-start, reasoning, tool:completed, step-finish, patch | [33]assistant: step-start, reasoning, text:"Готово! Все замены выполнены.
", tool:completed, step-finish, patch
[2026-04-27T12:13:38.582Z] message-hooks: post-filter, msgCount=34
[2026-04-27T12:13:38.582Z] message-hooks: about to search for OPENCODE_GENERIC
[2026-04-27T12:13:38.582Z] message-hooks: searching 34 messages for OPENCODE_GENERIC
[2026-04-27T12:13:38.582Z] message-hooks: found synthetic text at [3]: "Continue if you have next steps, or stop and ask f..." matches=false
[2026-04-27T12:13:38.582Z] message-hooks: generic search complete, found=false, index=-1
[2026-04-27T12:13:38.582Z] message-hooks: no generic part found, checking for pending prompt return
